2023-05-08 17:10:13,595 - INFO - stocks_exists and stocks_prices_exists: {'Tables_in_NASDAQ (Stocks)': 'Stocks'} and {'Tables_in_NASDAQ (Stocks_Prices)': 'Stocks_Prices'}
2023-05-08 17:11:25,696 - INFO -  "XLU" was updated in the Stocks_Prices table. 
2023-05-08 17:11:27,711 - INFO -  "JAPAF" was updated in the Stocks_Prices table. 
2023-05-08 17:12:33,619 - INFO -  "CHGG" was updated in the Stocks table. 
2023-05-08 17:12:34,441 - INFO -  "CHGG" was updated in the Stocks_Prices table. 
2023-05-08 17:12:35,456 - INFO -  "UBS" was updated in the Stocks table. 
2023-05-08 17:12:36,959 - INFO -  "UBS" was updated in the Stocks_Prices table. 
2023-05-08 17:13:43,046 - INFO -  "TAL" was updated in the Stocks table. 
2023-05-08 17:13:44,956 - INFO -  "TAL" was updated in the Stocks_Prices table. 
2023-05-08 17:13:45,813 - INFO -  "CRWD" was updated in the Stocks table. 
2023-05-08 17:13:46,784 - INFO -  "CRWD" was updated in the Stocks_Prices table. 
2023-05-08 17:14:52,743 - INFO -  "FTNT" was updated in the Stocks table. 
2023-05-08 17:14:54,135 - INFO -  "FTNT" was updated in the Stocks_Prices table. 
2023-05-08 17:14:54,526 - INFO -  "NET" was updated in the Stocks table. 
2023-05-08 17:14:55,469 - INFO -  "NET" was updated in the Stocks_Prices table. 
2023-05-08 17:16:01,614 - INFO -  "EPAM" was updated in the Stocks table. 
2023-05-08 17:16:03,212 - INFO -  "EPAM" was updated in the Stocks_Prices table. 
2023-05-08 17:16:04,017 - INFO -  "IBRX" was updated in the Stocks table. 
2023-05-08 17:16:05,658 - INFO -  "IBRX" was updated in the Stocks_Prices table. 
2023-05-08 17:17:11,766 - INFO -  "GTES" was updated in the Stocks table. 
2023-05-08 17:17:13,262 - INFO -  "GTES" was updated in the Stocks_Prices table. 
2023-05-08 17:17:13,577 - INFO -  "OXY" was updated in the Stocks table. 
2023-05-08 17:17:14,779 - INFO -  "OXY" was updated in the Stocks_Prices table. 
2023-05-08 17:18:22,096 - INFO -  "YARIY" was updated in the Stocks_Prices table. 
2023-05-08 17:18:23,031 - INFO -  "TTD" was updated in the Stocks table. 
2023-05-08 17:18:24,012 - INFO -  "TTD" was updated in the Stocks_Prices table. 
2023-05-08 17:19:29,906 - INFO -  "VEEV" was updated in the Stocks table. 
2023-05-08 17:19:30,854 - INFO -  "VEEV" was updated in the Stocks_Prices table. 
2023-05-08 17:19:31,958 - INFO -  "CZR" was updated in the Stocks table. 
2023-05-08 17:19:33,428 - INFO -  "CZR" was updated in the Stocks_Prices table. 
2023-05-08 17:20:39,337 - INFO -  "MGM" was updated in the Stocks table. 
2023-05-08 17:20:40,350 - INFO -  "MGM" was updated in the Stocks_Prices table. 
2023-05-08 17:20:40,672 - INFO -  "SLB" was updated in the Stocks table. 
2023-05-08 17:20:41,611 - INFO -  "SLB" was updated in the Stocks_Prices table. 
2023-05-08 17:21:47,882 - INFO -  "UBER" was updated in the Stocks table. 
2023-05-08 17:21:49,319 - INFO -  "UBER" was updated in the Stocks_Prices table. 
2023-05-08 17:21:49,687 - INFO -  "PFE" was updated in the Stocks table. 
2023-05-08 17:21:50,618 - INFO -  "PFE" was updated in the Stocks_Prices table. 
2023-05-08 17:22:56,462 - INFO -  "UBP" was updated in the Stocks table. 
2023-05-08 17:22:58,016 - INFO -  "UBP" was updated in the Stocks_Prices table. 
2023-05-08 17:22:59,012 - INFO -  "O" was updated in the Stocks table. 
2023-05-08 17:23:00,134 - INFO -  "O" was updated in the Stocks_Prices table. 
2023-05-08 17:24:06,020 - INFO -  "UBA" was updated in the Stocks table. 
2023-05-08 17:24:07,096 - INFO -  "UBA" was updated in the Stocks_Prices table. 
2023-05-08 17:24:07,922 - INFO -  "VICI" was updated in the Stocks table. 
2023-05-08 17:24:09,579 - INFO -  "VICI" was updated in the Stocks_Prices table. 
2023-05-08 17:25:15,522 - INFO -  "COIN" was updated in the Stocks table. 
2023-05-08 17:25:16,909 - INFO -  "COIN" was updated in the Stocks_Prices table. 
2023-05-08 17:25:17,869 - INFO -  "ROKU" was updated in the Stocks table. 
2023-05-08 17:25:18,786 - INFO -  "ROKU" was updated in the Stocks_Prices table. 
2023-05-08 17:26:24,669 - INFO -  "NFLX" was updated in the Stocks table. 
2023-05-08 17:26:25,591 - INFO -  "NFLX" was updated in the Stocks_Prices table. 
2023-05-08 17:26:26,378 - INFO -  "FANG" was updated in the Stocks table. 
2023-05-08 17:26:27,764 - INFO -  "FANG" was updated in the Stocks_Prices table. 
2023-05-08 17:27:33,963 - INFO -  "EQT" was updated in the Stocks table. 
2023-05-08 17:27:34,852 - INFO -  "EQT" was updated in the Stocks_Prices table. 
2023-05-08 17:27:36,713 - INFO -  "XLE" was updated in the Stocks_Prices table. 
2023-05-08 17:28:42,592 - INFO -  "ZION" was updated in the Stocks table. 
2023-05-08 17:28:43,564 - INFO -  "ZION" was updated in the Stocks_Prices table. 
2023-05-08 17:28:44,321 - INFO -  "CMA" was updated in the Stocks table. 
2023-05-08 17:28:45,675 - INFO -  "CMA" was updated in the Stocks_Prices table. 
