2023-05-08 17:10:02,942 - INFO - Importing finished
2023-05-08 17:10:02,942 - INFO - Parse Phase
2023-05-08 17:10:02,943 - INFO - Args input: Namespace(scrape_all=False, update=False, pages=10, time=None)
2023-05-08 17:10:02,954 - INFO - Connection to mysql server
2023-05-08 17:10:03,108 - INFO - Fetch Articles Phase
2023-05-08 17:10:03,108 - INFO - Batch URL Phase
2023-05-08 17:10:03,108 - INFO - successfully created links batch number: 10.
 The links: ['https://www.nasdaq.com/news-and-insights/topic/markets/page/1', 'https://www.nasdaq.com/news-and-insights/topic/markets/page/2', 'https://www.nasdaq.com/news-and-insights/topic/markets/page/3', 'https://www.nasdaq.com/news-and-insights/topic/markets/page/4', 'https://www.nasdaq.com/news-and-insights/topic/markets/page/5', 'https://www.nasdaq.com/news-and-insights/topic/markets/page/6', 'https://www.nasdaq.com/news-and-insights/topic/markets/page/7', 'https://www.nasdaq.com/news-and-insights/topic/markets/page/8', 'https://www.nasdaq.com/news-and-insights/topic/markets/page/9', 'https://www.nasdaq.com/news-and-insights/topic/markets/page/10']
2023-05-08 17:10:03,109 - INFO - Responses Batch Phase
2023-05-08 17:10:03,109 - INFO - Get Response Phase
2023-05-08 17:10:03,113 - INFO - Sending the following urls to grequests
['https://www.nasdaq.com/news-and-insights/topic/markets/page/1', 'https://www.nasdaq.com/news-and-insights/topic/markets/page/2', 'https://www.nasdaq.com/news-and-insights/topic/markets/page/3', 'https://www.nasdaq.com/news-and-insights/topic/markets/page/4', 'https://www.nasdaq.com/news-and-insights/topic/markets/page/5', 'https://www.nasdaq.com/news-and-insights/topic/markets/page/6', 'https://www.nasdaq.com/news-and-insights/topic/markets/page/7', 'https://www.nasdaq.com/news-and-insights/topic/markets/page/8', 'https://www.nasdaq.com/news-and-insights/topic/markets/page/9', 'https://www.nasdaq.com/news-and-insights/topic/markets/page/10']
2023-05-08 17:10:05,596 - INFO - Got these responses:
[<Response [200]>, <Response [200]>, <Response [200]>, <Response [200]>, <Response [200]>, <Response [200]>, <Response [200]>, <Response [200]>, <Response [200]>, <Response [200]>]
2023-05-08 17:10:05,597 - INFO - Got responses from server for the urls: ['https://www.nasdaq.com/news-and-insights/topic/markets/page/1', 'https://www.nasdaq.com/news-and-insights/topic/markets/page/2', 'https://www.nasdaq.com/news-and-insights/topic/markets/page/3', 'https://www.nasdaq.com/news-and-insights/topic/markets/page/4', 'https://www.nasdaq.com/news-and-insights/topic/markets/page/5', 'https://www.nasdaq.com/news-and-insights/topic/markets/page/6', 'https://www.nasdaq.com/news-and-insights/topic/markets/page/7', 'https://www.nasdaq.com/news-and-insights/topic/markets/page/8', 'https://www.nasdaq.com/news-and-insights/topic/markets/page/9', 'https://www.nasdaq.com/news-and-insights/topic/markets/page/10']
2023-05-08 17:10:05,597 - INFO - Scrape Page Phase
2023-05-08 17:10:05,755 - INFO - successfully scraped ['https://www.nasdaq.com/articles/edwards%3Aaortic-valve-with-resilia-tissue-shows-favorable-durability-efficacy-outcomes-in-7', 'https://www.nasdaq.com/articles/japanese-market-notably-lower-7', 'https://www.nasdaq.com/articles/thai-stock-market-expected-to-open-in-the-green-0', 'https://www.nasdaq.com/articles/indonesia-stock-market-may-reverse-fridays-losses', 'https://www.nasdaq.com/articles/australian-market-notably-higher-11', 'https://www.nasdaq.com/articles/hong-kong-stock-market-tipped-to-extend-winning-streak', 'https://www.nasdaq.com/articles/whats-eating-warren-buffett', 'https://www.nasdaq.com/articles/sec-awards-largest-ever-whistleblower-payout', 'https://www.nasdaq.com/articles/a-reopening-china-is-more-bust-than-blockbuster', 'https://www.nasdaq.com/articles/renewed-support-anticipated-for-china-stock-market-0']

2023-05-08 17:10:05,755 - INFO - Scrape Page Phase
2023-05-08 17:10:05,865 - INFO - successfully scraped ['https://www.nasdaq.com/articles/this-regulatory-change-means-psychedelic-stocks-are-one-step-closer-to-being-a-buy.-heres', 'https://www.nasdaq.com/articles/textainer-would-quickly-feel-the-sting-of-a-shipping-slowdown-in-a-recession', 'https://www.nasdaq.com/articles/2-struggling-stocks-id-avoid-in-may', 'https://www.nasdaq.com/articles/looking-for-outsized-dividend-income-buy-altria-group-stock', 'https://www.nasdaq.com/articles/sunruns-numbers-dont-add-up', 'https://www.nasdaq.com/articles/75-of-these-wall-street-analysts-recommend-buying-1-unstoppable-stock', 'https://www.nasdaq.com/articles/this-6.6-yielding-dividend-stock-showcases-its-unstoppable-growth-potential', 'https://www.nasdaq.com/articles/looking-for-steady-passive-income-buy-abbvie-stock', 'https://www.nasdaq.com/articles/these-3-dividend-stocks-have-been-market-beaters-for-years.-theyre-on-sale-now.', 'https://www.nasdaq.com/articles/3-unstoppable-stocks-to-buy-in-may-0']

2023-05-08 17:10:05,866 - INFO - Scrape Page Phase
2023-05-08 17:10:05,999 - INFO - successfully scraped ['https://www.nasdaq.com/articles/these-3-dividend-stocks-have-been-market-beaters-for-years.-theyre-on-sale-now.', 'https://www.nasdaq.com/articles/3-unstoppable-stocks-to-buy-in-may-0', 'https://www.nasdaq.com/articles/why-tesla-plunged-20.8-in-april', 'https://www.nasdaq.com/articles/10-billion-reasons-not-to-overlook-this-part-of-gm-and-ford', 'https://www.nasdaq.com/articles/2-hot-stocks-that-are-absurdly-cheap-right-now', 'https://www.nasdaq.com/articles/better-buy%3A-coca-cola-vs.-pepsico-3', 'https://www.nasdaq.com/articles/why-im-increasing-my-wager-on-this-high-yield-dividend-stock', 'https://www.nasdaq.com/articles/amd-stock-is-down-50%3A-is-it-time-to-buy', 'https://www.nasdaq.com/articles/axon-added-to-the-sp-500%3A-could-these-3-top-stocks-join-next', 'https://www.nasdaq.com/articles/no-carvana-isnt-about-to-turn-a-profit']

2023-05-08 17:10:05,999 - INFO - Scrape Page Phase
2023-05-08 17:10:06,096 - INFO - successfully scraped ['https://www.nasdaq.com/articles/guru-fundamental-report-for-avy-warren-buffett-0', 'https://www.nasdaq.com/articles/guru-fundamental-report-for-cpt-peter-lynch-0', 'https://www.nasdaq.com/articles/guru-fundamental-report-for-txrh-0', 'https://www.nasdaq.com/articles/guru-fundamental-report-for-bn-0', 'https://www.nasdaq.com/articles/guru-fundamental-report-for-argx-1', 'https://www.nasdaq.com/articles/guru-fundamental-report-for-mbly-0', 'https://www.nasdaq.com/articles/guru-fundamental-report-for-rgen-0', 'https://www.nasdaq.com/articles/guru-fundamental-report-for-wab-martin-zweig', 'https://www.nasdaq.com/articles/guru-fundamental-report-for-zim-0', 'https://www.nasdaq.com/articles/guru-fundamental-report-for-tfx-benjamin-graham-1']

2023-05-08 17:10:06,096 - INFO - Scrape Page Phase
2023-05-08 17:10:06,176 - INFO - successfully scraped ['https://www.nasdaq.com/articles/guru-fundamental-report-for-nbix-1', 'https://www.nasdaq.com/articles/guru-fundamental-report-for-stng-1', 'https://www.nasdaq.com/articles/guru-fundamental-report-for-bam-peter-lynch-0', 'https://www.nasdaq.com/articles/guru-fundamental-report-for-docn-0', 'https://www.nasdaq.com/articles/guru-fundamental-report-for-cybr-0', 'https://www.nasdaq.com/articles/3-top-artificial-intelligence-stocks-to-buy-in-may', 'https://www.nasdaq.com/articles/guru-fundamental-report-for-bah-0', 'https://www.nasdaq.com/articles/guru-fundamental-report-for-pnr-1', 'https://www.nasdaq.com/articles/guru-fundamental-report-for-ry-peter-lynch-0', 'https://www.nasdaq.com/articles/guru-fundamental-report-for-agco-0']

2023-05-08 17:10:06,176 - INFO - Scrape Page Phase
2023-05-08 17:10:06,265 - INFO - successfully scraped ['https://www.nasdaq.com/articles/why-meta-platforms-climbed-13.4-in-april', 'https://www.nasdaq.com/articles/this-top-ai-stock-tanked-after-earnings-time-to-buy-the-dip', 'https://www.nasdaq.com/articles/is-tesla-a-tech-stock-this-indicator-might-flip-the-narrative.', 'https://www.nasdaq.com/articles/why-illumina-fell-11.6-in-april', 'https://www.nasdaq.com/articles/2-magnificent-stocks-with-huge-moats', 'https://www.nasdaq.com/articles/3-top-cybersecurity-stocks-to-buy-in-may-0', 'https://www.nasdaq.com/articles/artificial-intelligence-could-launch-a-new-growth-wave-for-this-high-yield-dividend-stock', 'https://www.nasdaq.com/articles/better-dividend-stock%3A-coca-cola-vs.-home-depot', 'https://www.nasdaq.com/articles/which-super-regional-bank-had-the-best-deposit-base-during-the-first-quarter', 'https://www.nasdaq.com/articles/social-security-might-cut-your-benefit-but-you-can-still-snag-a-higher-one-by-doing-this']

2023-05-08 17:10:06,266 - INFO - Scrape Page Phase
2023-05-08 17:10:06,356 - INFO - successfully scraped ['https://www.nasdaq.com/articles/private-equitys-opaque-world', 'https://www.nasdaq.com/articles/coinbase-is-going-international', 'https://www.nasdaq.com/articles/down-24-to-34-these-monster-dividend-stocks-could-be-picking-up-steam', 'https://www.nasdaq.com/articles/how-uber-is-cranking-up-growth', 'https://www.nasdaq.com/articles/better-buy%3A-caesars-or-mgm-resorts', 'https://www.nasdaq.com/articles/heres-what-we-all-should-have-in-common-with-warren-buffett', 'https://www.nasdaq.com/articles/if-you-like-realty-income-heres-another-stock-you-might-love', 'https://www.nasdaq.com/articles/how-nvidias-ai-tech-is-helping-other-companies-grow', 'https://www.nasdaq.com/articles/47-of-warren-buffetts-%24344-billion-portfolio-is-invested-in-these-2-stocks', 'https://www.nasdaq.com/articles/pelotons-results-werent-as-bad-as-wall-street-thinks']

2023-05-08 17:10:06,356 - INFO - Scrape Page Phase
2023-05-08 17:10:06,504 - INFO - successfully scraped ['https://www.nasdaq.com/articles/2-top-capital-markets-stocks-to-buy-in-may', 'https://www.nasdaq.com/articles/want-over-%2445000-in-retirement-income-invest-%24500000-in-these-7-high-yield-dividend-stocks', 'https://www.nasdaq.com/articles/is-medtronic-stock-a-buy-now-1', 'https://www.nasdaq.com/articles/1-soaring-growth-stock-thats-still-an-unbeatable-bargain', 'https://www.nasdaq.com/articles/for-only-the-4th-time-in-50-years-this-banking-metric-is-forecasting-a-big-move-in-the', 'https://www.nasdaq.com/articles/this-might-be-warren-buffetts-fomo-stock-sector', 'https://www.nasdaq.com/articles/will-joe-biden-go-along-with-this-bipartisan-big-idea-to-avoid-social-security-cuts', 'https://www.nasdaq.com/articles/heres-how-much-social-security-benefits-are-expected-to-increase-in-2024', 'https://www.nasdaq.com/articles/the-4-things-people-dont-tell-you-about-building-an-emergency-fund', 'https://www.nasdaq.com/articles/buffett-and-munger-talk-ai-robotics-and-more-at-berkshire-hathaways-annual-meeting']

2023-05-08 17:10:06,505 - INFO - Scrape Page Phase
2023-05-08 17:10:06,594 - INFO - successfully scraped ['https://www.nasdaq.com/articles/noteworthy-friday-option-activity%3A-ttd-coty-fivn', 'https://www.nasdaq.com/articles/noteworthy-friday-option-activity%3A-apls-zs-amba', 'https://www.nasdaq.com/articles/noteworthy-friday-option-activity%3A-scco-dt-rdfn', 'https://www.nasdaq.com/articles/notable-friday-option-activity%3A-ibrx-gtes-dvn', 'https://www.nasdaq.com/articles/relative-strength-alert-for-employers-holdings', 'https://www.nasdaq.com/articles/noteworthy-friday-option-activity%3A-iff-goog-fsr', 'https://www.nasdaq.com/articles/noteworthy-friday-option-activity%3A-ncr-car-sdgr', 'https://www.nasdaq.com/articles/notable-friday-option-activity%3A-mod-crm-fdx', 'https://www.nasdaq.com/articles/bullish-two-hundred-day-moving-average-cross-arx', 'https://www.nasdaq.com/articles/noteworthy-friday-option-activity%3A-stne-pfsi-agio']

2023-05-08 17:10:06,594 - INFO - Scrape Page Phase
2023-05-08 17:10:06,675 - INFO - successfully scraped ['https://www.nasdaq.com/articles/noteworthy-friday-option-activity%3A-axsm-rily-esmt', 'https://www.nasdaq.com/articles/notable-friday-option-activity%3A-oec-gm-smar', 'https://www.nasdaq.com/articles/bcs-crosses-above-key-moving-average-level-0', 'https://www.nasdaq.com/articles/fear-is-in-the-air-again-get-ready-with-your-defensive-manoeuvres', 'https://www.nasdaq.com/videos/what-to-know-as-hollywood-writers-strike-continues', 'https://www.nasdaq.com/articles/why-carvana-stock-lost-29-in-april', 'https://www.nasdaq.com/articles/epam-systems-enters-oversold-territory-epam', 'https://www.nasdaq.com/articles/jepi-breaks-above-200-day-moving-average-bullish-for-jepi', 'https://www.nasdaq.com/articles/sibanye-stillwater-sbsw-shares-cross-above-200-dma', 'https://www.nasdaq.com/articles/atlantica-sustainable-infrastructure-is-now-oversold-ay-0']

2023-05-08 17:10:06,690 - INFO - Collected 30 new links
2023-05-08 17:10:06,690 - INFO - Get Articles Phase
2023-05-08 17:10:06,690 - INFO - Setting Info Phase
2023-05-08 17:10:06,692 - INFO - Setting Info Phases Started
2023-05-08 17:10:06,692 - INFO - successfully got responses from server
2023-05-08 17:10:07,989 - INFO - successfully scraped Guru Fundamental Report for RY - Peter Lynch

2023-05-08 17:10:08,087 - INFO - successfully scraped Guru Fundamental Report for AGCO

2023-05-08 17:10:08,165 - INFO - successfully scraped Guru Fundamental Report for CYBR

2023-05-08 17:10:08,254 - INFO - successfully scraped Guru Fundamental Report for WAB - Martin Zweig

2023-05-08 17:10:08,413 - INFO - successfully scraped SEC Awards Largest Ever Whistleblower Payout

2023-05-08 17:10:08,514 - INFO - successfully scraped Guru Fundamental Report for TFX - Benjamin Graham

2023-05-08 17:10:08,593 - INFO - successfully scraped A Reopening China is More Bust Than Blockbuster

2023-05-08 17:10:08,672 - INFO - successfully scraped 3 Top Artificial Intelligence Stocks to Buy in May

2023-05-08 17:10:08,762 - INFO - successfully scraped Guru Fundamental Report for BAM - Peter Lynch

2023-05-08 17:10:08,920 - INFO - successfully scraped Australian Market Notably Higher

2023-05-08 17:10:09,705 - INFO - successfully scraped Thai Stock Market Expected To Open In The Green

2023-05-08 17:10:09,858 - INFO - successfully scraped Guru Fundamental Report for AVY - Warren Buffett

2023-05-08 17:10:09,948 - INFO - successfully scraped Guru Fundamental Report for ZIM

2023-05-08 17:10:10,036 - INFO - successfully scraped Hong Kong Stock Market Tipped To Extend Winning Streak

2023-05-08 17:10:10,190 - INFO - successfully scraped Guru Fundamental Report for PNR

2023-05-08 17:10:10,418 - INFO - successfully scraped Japanese Market Notably Lower

2023-05-08 17:10:10,497 - INFO - successfully scraped Guru Fundamental Report for TXRH

2023-05-08 17:10:10,575 - INFO - successfully scraped Guru Fundamental Report for BN

2023-05-08 17:10:10,821 - INFO - successfully scraped Guru Fundamental Report for CPT - Peter Lynch

2023-05-08 17:10:10,901 - INFO - successfully scraped Renewed Support Anticipated For China Stock Market

2023-05-08 17:10:11,064 - INFO - successfully scraped What's Eating Warren Buffett?

2023-05-08 17:10:11,368 - INFO - successfully scraped Indonesia Stock Market May Reverse Friday's Losses

2023-05-08 17:10:11,590 - INFO - successfully scraped Guru Fundamental Report for STNG

2023-05-08 17:10:11,670 - INFO - successfully scraped Guru Fundamental Report for ARGX

2023-05-08 17:10:11,794 - INFO - successfully scraped Guru Fundamental Report for MBLY

2023-05-08 17:10:11,931 - INFO - successfully scraped Edwards:Aortic Valve With Resilia Tissue Shows Favorable Durability& Efficacy Outcomes In 7-yrs Data

2023-05-08 17:10:12,209 - INFO - successfully scraped Guru Fundamental Report for DOCN

2023-05-08 17:10:12,303 - INFO - successfully scraped Guru Fundamental Report for BAH

2023-05-08 17:10:12,386 - INFO - successfully scraped Guru Fundamental Report for NBIX

2023-05-08 17:10:12,476 - INFO - successfully scraped Guru Fundamental Report for RGEN

2023-05-08 17:10:13,558 - INFO - Adding new tickers to database
